
=== Fri Dec 21 12:36:29 2018

Packages were changed.
Update Mode: updateDependencies

The following packages were added:
  com.unity.collab-proxy@1.2.15
The following packages were updated:
  com.unity.ads from version 2.0.8 to 2.3.1
  com.unity.analytics from version 2.0.16 to 3.2.2
  com.unity.package-manager-ui from version 1.9.11 to 2.0.3
  com.unity.shadergraph from version 3.0.0-preview to 4.1.0-preview
  com.unity.textmeshpro from version 1.2.4 to 1.3.0

=== Fri Aug 30 16:09:41 2019

Packages were changed.
Update Mode: updateDependencies

The following packages were updated:
  com.unity.package-manager-ui from version 2.0.3 to 2.0.7

=== Fri Feb 14 18:32:07 2020

Packages were changed.
Update Mode: updateDependencies

The following packages were updated:
  com.unity.burst from version 1.0.4 to 1.1.2
  com.unity.package-manager-ui from version 2.0.7 to 2.0.8
